[ 2018-09-14T14:25:32+08:00 ] ::1 /0331/abc
ERR: 无法加载模块:Abc

[ 2018-09-14T14:27:55+08:00 ] ::1 /0331/abc
ERR: 无法加载模块:Abc

[ 2018-09-14T14:27:57+08:00 ] ::1 /0331/abc
ERR: 无法加载模块:Abc

[ 2018-09-14T14:28:25+08:00 ] ::1 /0331/abc
ERR: 无法加载模块:Abc

[ 2018-09-14T14:30:26+08:00 ] ::1 /0331/abc
ERR: 无法加载模块:Abc

[ 2018-09-14T14:30:27+08:00 ] ::1 /0331/abc
ERR: 无法加载模块:Abc

[ 2018-09-14T14:38:41+08:00 ] ::1 /0331/aa'a
ERR: 无法加载模块:Aa'a

[ 2018-09-14T14:44:34+08:00 ] ::1 /0331/aaa
ERR: 无法加载模块:Aaa

[ 2018-09-14T15:56:06+08:00 ] ::1 /0331/aaa
ERR: 无法加载模块:Aaa

[ 2018-09-14T16:03:56+08:00 ] ::1 /0331/aaa
ERR: 无法加载模块:Aaa

[ 2018-09-14T16:03:57+08:00 ] ::1 /0331/aaa
ERR: 无法加载模块:Aaa

[ 2018-09-14T16:22:52+08:00 ] ::1 /0331/aaa
ERR: 无法加载模块:Aaa

